TN:
SF:src\db.js
FN:8,(anonymous_6)
FN:8,_callee
FN:8,getUserByUsername
FNF:3
FNH:3
FNDA:1,(anonymous_6)
FNDA:5,_callee
FNDA:1,getUserByUsername
DA:1,1
DA:3,1
DA:8,15
DA:9,1
DA:16,1
DA:17,1
DA:18,1
DA:23,1
LF:8
LH:8
BRDA:4,0,0,0
BRDA:4,0,1,1
BRDA:8,1,0,1
BRDA:8,1,1,1
BRDA:8,1,2,1
BRDA:8,1,3,0
BRDA:8,1,4,1
BRF:7
BRH:5
end_of_record
TN:
SF:src\mocha-setup.js
FNF:0
FNH:0
DA:1,1
DA:3,1
DA:4,1
DA:5,1
LF:4
LH:4
BRF:0
BRH:0
end_of_record
TN:
SF:src\server.js
FN:6,(anonymous_7)
FN:6,_callee
FNF:2
FNH:2
FNDA:2,(anonymous_7)
FNDA:3,_callee
DA:1,1
DA:2,1
DA:4,1
DA:6,12
DA:7,1
DA:9,1
DA:12,1
DA:13,0
DA:15,1
DA:18,0
LF:10
LH:8
BRDA:6,0,0,1
BRDA:6,0,1,1
BRDA:6,0,2,0
BRDA:6,0,3,1
BRDA:6,0,4,1
BRDA:12,1,0,0
BRDA:12,1,1,1
BRF:7
BRH:5
end_of_record
TN:
SF:src\test-helper.js
FN:3,(anonymous_6)
FN:3,_callee
FN:3,setDatabaseData
FN:20,(anonymous_10)
FN:20,_callee2
FN:20,getDatabaseData
FN:42,(anonymous_14)
FN:42,_callee3
FN:42,resetDatabase
FNF:9
FNH:9
FNDA:1,(anonymous_6)
FNDA:4,_callee
FNDA:1,setDatabaseData
FNDA:1,(anonymous_10)
FNDA:5,_callee2
FNDA:1,getDatabaseData
FNDA:1,(anonymous_14)
FNDA:4,_callee3
FNDA:1,resetDatabase
DA:1,1
DA:3,12
DA:4,1
DA:11,1
DA:16,1
DA:20,15
DA:21,1
DA:28,1
DA:31,1
DA:33,1
DA:42,12
DA:43,1
DA:50,1
DA:55,1
LF:14
LH:14
BRDA:3,0,0,1
BRDA:3,0,1,1
BRDA:3,0,2,1
BRDA:3,0,3,1
BRDA:3,0,4,1
BRDA:20,1,0,1
BRDA:20,1,1,1
BRDA:20,1,2,1
BRDA:20,1,3,0
BRDA:20,1,4,1
BRDA:42,2,0,1
BRDA:42,2,1,1
BRDA:42,2,2,1
BRDA:42,2,3,1
BRDA:42,2,4,1
BRF:15
BRH:14
end_of_record
